<?xml version="1.0" encoding="UTF-8"?>
<!-- Generated by org.testng.reporters.JUnitReportReporter -->
<testsuite hostname="DESKTOP-SHVGL09" failures="0" tests="9" name="CommentTests" time="7.471" errors="0" timestamp="07 Mar 2021 01:15:50 GMT" skipped="0">
  <testcase classname="CommentTests" name="Get_One_Comment" time="0.642"/>
  <testcase classname="CommentTests" name="Create_Comment_Success" time="0.670"/>
  <testcase classname="CommentTests" name="Create_Comment_Unsuccessful" time="0.570"/>
  <testcase classname="CommentTests" name="Update_Comment_Success" time="0.560"/>
  <testcase classname="CommentTests" name="Get_All_Comments" time="0.485"/>
  <testcase classname="CommentTests" name="Delete_Invalid_Comment" time="2.540"/>
  <testcase classname="CommentTests" name="Get_Invalid_Comment" time="0.907"/>
  <testcase classname="CommentTests" name="Update_Comment_Unsuccessful" time="0.547"/>
  <testcase classname="CommentTests" name="Delete_Comment_Success" time="0.550"/>
</testsuite> <!-- CommentTests -->
